Array
(
    [seatLayoutData] => Array
        (
            [0] => Array
                (
                    [hall_id] => 2
                    [row_num] => 1
                    [seat_num] => 1
                    [type] => standart
                )

            [1] => Array
                (
                    [hall_id] => 2
                    [row_num] => 1
                    [seat_num] => 2
                    [type] => standart
                )

            [2] => Array
                (
                    [hall_id] => 2
                    [row_num] => 2
                    [seat_num] => 1
                    [type] => vip
                )

            [3] => Array
                (
                    [hall_id] => 2
                    [row_num] => 2
                    [seat_num] => 2
                    [type] => standart
                )

        )

)
